C:\USERS\EGUCHI\DESKTOP\研究VS2013\演習第二\TEXT+COLOR\TEXT-COLORONLY\DEBUG\TEXT-FEATURE.EXE
C:\Users\Eguchi\Desktop\研究vs2013\演習第二\text+color\text-colorOnly\Debug\text-feature.exe.manifest
C:\USERS\EGUCHI\DESKTOP\研究VS2013\演習第二\TEXT+COLOR\TEXT-COLORONLY\DEBUG\TEXT-FEATURE.ILK
C:\USERS\EGUCHI\DESKTOP\研究VS2013\演習第二\TEXT+COLOR\TEXT-COLORONLY\DEBUG\TEXT-FEATURE.PDB
C:\Users\Eguchi\Desktop\研究vs2013\演習第二\text+color\text-colorOnly\text-feature\Debug\cl.command.1.tlog
C:\Users\Eguchi\Desktop\研究vs2013\演習第二\text+color\text-colorOnly\text-feature\Debug\CL.read.1.tlog
C:\Users\Eguchi\Desktop\研究vs2013\演習第二\text+color\text-colorOnly\text-feature\Debug\CL.write.1.tlog
C:\Users\Eguchi\Desktop\研究vs2013\演習第二\text+color\text-colorOnly\text-feature\Debug\link.10352.read.1.tlog
C:\Users\Eguchi\Desktop\研究vs2013\演習第二\text+color\text-colorOnly\text-feature\Debug\link.10352.write.1.tlog
C:\Users\Eguchi\Desktop\研究vs2013\演習第二\text+color\text-colorOnly\text-feature\Debug\link.10388.read.1.tlog
C:\Users\Eguchi\Desktop\研究vs2013\演習第二\text+color\text-colorOnly\text-feature\Debug\link.10388.write.1.tlog
C:\Users\Eguchi\Desktop\研究vs2013\演習第二\text+color\text-colorOnly\text-feature\Debug\link.10636.read.1.tlog
C:\Users\Eguchi\Desktop\研究vs2013\演習第二\text+color\text-colorOnly\text-feature\Debug\link.10636.write.1.tlog
C:\Users\Eguchi\Desktop\研究vs2013\演習第二\text+color\text-colorOnly\text-feature\Debug\link.10752.read.1.tlog
C:\Users\Eguchi\Desktop\研究vs2013\演習第二\text+color\text-colorOnly\text-feature\Debug\link.10752.write.1.tlog
C:\Users\Eguchi\Desktop\研究vs2013\演習第二\text+color\text-colorOnly\text-feature\Debug\link.11228.read.1.tlog
C:\Users\Eguchi\Desktop\研究vs2013\演習第二\text+color\text-colorOnly\text-feature\Debug\link.11228.write.1.tlog
C:\Users\Eguchi\Desktop\研究vs2013\演習第二\text+color\text-colorOnly\text-feature\Debug\link.1528.read.1.tlog
C:\Users\Eguchi\Desktop\研究vs2013\演習第二\text+color\text-colorOnly\text-feature\Debug\link.1528.write.1.tlog
C:\Users\Eguchi\Desktop\研究vs2013\演習第二\text+color\text-colorOnly\text-feature\Debug\link.1544.read.1.tlog
C:\Users\Eguchi\Desktop\研究vs2013\演習第二\text+color\text-colorOnly\text-feature\Debug\link.1544.write.1.tlog
C:\Users\Eguchi\Desktop\研究vs2013\演習第二\text+color\text-colorOnly\text-feature\Debug\link.1544-cvtres.read.1.tlog
C:\Users\Eguchi\Desktop\研究vs2013\演習第二\text+color\text-colorOnly\text-feature\Debug\link.1544-cvtres.write.1.tlog
C:\Users\Eguchi\Desktop\研究vs2013\演習第二\text+color\text-colorOnly\text-feature\Debug\link.2084.read.1.tlog
C:\Users\Eguchi\Desktop\研究vs2013\演習第二\text+color\text-colorOnly\text-feature\Debug\link.2084.write.1.tlog
C:\Users\Eguchi\Desktop\研究vs2013\演習第二\text+color\text-colorOnly\text-feature\Debug\link.2284.read.1.tlog
C:\Users\Eguchi\Desktop\研究vs2013\演習第二\text+color\text-colorOnly\text-feature\Debug\link.2284.write.1.tlog
C:\Users\Eguchi\Desktop\研究vs2013\演習第二\text+color\text-colorOnly\text-feature\Debug\link.3160.read.1.tlog
C:\Users\Eguchi\Desktop\研究vs2013\演習第二\text+color\text-colorOnly\text-feature\Debug\link.3160.write.1.tlog
C:\Users\Eguchi\Desktop\研究vs2013\演習第二\text+color\text-colorOnly\text-feature\Debug\link.3284.read.1.tlog
C:\Users\Eguchi\Desktop\研究vs2013\演習第二\text+color\text-colorOnly\text-feature\Debug\link.3284.write.1.tlog
C:\Users\Eguchi\Desktop\研究vs2013\演習第二\text+color\text-colorOnly\text-feature\Debug\link.3880.read.1.tlog
C:\Users\Eguchi\Desktop\研究vs2013\演習第二\text+color\text-colorOnly\text-feature\Debug\link.3880.write.1.tlog
C:\Users\Eguchi\Desktop\研究vs2013\演習第二\text+color\text-colorOnly\text-feature\Debug\link.4240.read.1.tlog
C:\Users\Eguchi\Desktop\研究vs2013\演習第二\text+color\text-colorOnly\text-feature\Debug\link.4240.write.1.tlog
C:\Users\Eguchi\Desktop\研究vs2013\演習第二\text+color\text-colorOnly\text-feature\Debug\link.4504.read.1.tlog
C:\Users\Eguchi\Desktop\研究vs2013\演習第二\text+color\text-colorOnly\text-feature\Debug\link.4504.write.1.tlog
C:\Users\Eguchi\Desktop\研究vs2013\演習第二\text+color\text-colorOnly\text-feature\Debug\link.4504-cvtres.read.1.tlog
C:\Users\Eguchi\Desktop\研究vs2013\演習第二\text+color\text-colorOnly\text-feature\Debug\link.4504-cvtres.write.1.tlog
C:\Users\Eguchi\Desktop\研究vs2013\演習第二\text+color\text-colorOnly\text-feature\Debug\link.4644.read.1.tlog
C:\Users\Eguchi\Desktop\研究vs2013\演習第二\text+color\text-colorOnly\text-feature\Debug\link.4644.write.1.tlog
C:\Users\Eguchi\Desktop\研究vs2013\演習第二\text+color\text-colorOnly\text-feature\Debug\link.4720.read.1.tlog
C:\Users\Eguchi\Desktop\研究vs2013\演習第二\text+color\text-colorOnly\text-feature\Debug\link.4720.write.1.tlog
C:\Users\Eguchi\Desktop\研究vs2013\演習第二\text+color\text-colorOnly\text-feature\Debug\link.4720-cvtres.read.1.tlog
C:\Users\Eguchi\Desktop\研究vs2013\演習第二\text+color\text-colorOnly\text-feature\Debug\link.4720-cvtres.write.1.tlog
C:\Users\Eguchi\Desktop\研究vs2013\演習第二\text+color\text-colorOnly\text-feature\Debug\link.4784.read.1.tlog
C:\Users\Eguchi\Desktop\研究vs2013\演習第二\text+color\text-colorOnly\text-feature\Debug\link.4784.write.1.tlog
C:\Users\Eguchi\Desktop\研究vs2013\演習第二\text+color\text-colorOnly\text-feature\Debug\link.5352.read.1.tlog
C:\Users\Eguchi\Desktop\研究vs2013\演習第二\text+color\text-colorOnly\text-feature\Debug\link.5352.write.1.tlog
C:\Users\Eguchi\Desktop\研究vs2013\演習第二\text+color\text-colorOnly\text-feature\Debug\link.5400.read.1.tlog
C:\Users\Eguchi\Desktop\研究vs2013\演習第二\text+color\text-colorOnly\text-feature\Debug\link.5400.write.1.tlog
C:\Users\Eguchi\Desktop\研究vs2013\演習第二\text+color\text-colorOnly\text-feature\Debug\link.5544.read.1.tlog
C:\Users\Eguchi\Desktop\研究vs2013\演習第二\text+color\text-colorOnly\text-feature\Debug\link.5544.write.1.tlog
C:\Users\Eguchi\Desktop\研究vs2013\演習第二\text+color\text-colorOnly\text-feature\Debug\link.5720.read.1.tlog
C:\Users\Eguchi\Desktop\研究vs2013\演習第二\text+color\text-colorOnly\text-feature\Debug\link.5720.write.1.tlog
C:\Users\Eguchi\Desktop\研究vs2013\演習第二\text+color\text-colorOnly\text-feature\Debug\link.5752.read.1.tlog
C:\Users\Eguchi\Desktop\研究vs2013\演習第二\text+color\text-colorOnly\text-feature\Debug\link.5752.write.1.tlog
C:\Users\Eguchi\Desktop\研究vs2013\演習第二\text+color\text-colorOnly\text-feature\Debug\link.5760.read.1.tlog
C:\Users\Eguchi\Desktop\研究vs2013\演習第二\text+color\text-colorOnly\text-feature\Debug\link.5760.write.1.tlog
C:\Users\Eguchi\Desktop\研究vs2013\演習第二\text+color\text-colorOnly\text-feature\Debug\link.6356.read.1.tlog
C:\Users\Eguchi\Desktop\研究vs2013\演習第二\text+color\text-colorOnly\text-feature\Debug\link.6356.write.1.tlog
C:\Users\Eguchi\Desktop\研究vs2013\演習第二\text+color\text-colorOnly\text-feature\Debug\link.7344.read.1.tlog
C:\Users\Eguchi\Desktop\研究vs2013\演習第二\text+color\text-colorOnly\text-feature\Debug\link.7344.write.1.tlog
C:\Users\Eguchi\Desktop\研究vs2013\演習第二\text+color\text-colorOnly\text-feature\Debug\link.7576.read.1.tlog
C:\Users\Eguchi\Desktop\研究vs2013\演習第二\text+color\text-colorOnly\text-feature\Debug\link.7576.write.1.tlog
C:\Users\Eguchi\Desktop\研究vs2013\演習第二\text+color\text-colorOnly\text-feature\Debug\link.7584.read.1.tlog
C:\Users\Eguchi\Desktop\研究vs2013\演習第二\text+color\text-colorOnly\text-feature\Debug\link.7584.write.1.tlog
C:\Users\Eguchi\Desktop\研究vs2013\演習第二\text+color\text-colorOnly\text-feature\Debug\link.7652.read.1.tlog
C:\Users\Eguchi\Desktop\研究vs2013\演習第二\text+color\text-colorOnly\text-feature\Debug\link.7652.write.1.tlog
C:\Users\Eguchi\Desktop\研究vs2013\演習第二\text+color\text-colorOnly\text-feature\Debug\link.7984.read.1.tlog
C:\Users\Eguchi\Desktop\研究vs2013\演習第二\text+color\text-colorOnly\text-feature\Debug\link.7984.write.1.tlog
C:\Users\Eguchi\Desktop\研究vs2013\演習第二\text+color\text-colorOnly\text-feature\Debug\link.8832.read.1.tlog
C:\Users\Eguchi\Desktop\研究vs2013\演習第二\text+color\text-colorOnly\text-feature\Debug\link.8832.write.1.tlog
C:\Users\Eguchi\Desktop\研究vs2013\演習第二\text+color\text-colorOnly\text-feature\Debug\link.8960.read.1.tlog
C:\Users\Eguchi\Desktop\研究vs2013\演習第二\text+color\text-colorOnly\text-feature\Debug\link.8960.write.1.tlog
C:\Users\Eguchi\Desktop\研究vs2013\演習第二\text+color\text-colorOnly\text-feature\Debug\link.9080.read.1.tlog
C:\Users\Eguchi\Desktop\研究vs2013\演習第二\text+color\text-colorOnly\text-feature\Debug\link.9080.write.1.tlog
C:\Users\Eguchi\Desktop\研究vs2013\演習第二\text+color\text-colorOnly\text-feature\Debug\link.9120.read.1.tlog
C:\Users\Eguchi\Desktop\研究vs2013\演習第二\text+color\text-colorOnly\text-feature\Debug\link.9120.write.1.tlog
C:\Users\Eguchi\Desktop\研究vs2013\演習第二\text+color\text-colorOnly\text-feature\Debug\link.944.read.1.tlog
C:\Users\Eguchi\Desktop\研究vs2013\演習第二\text+color\text-colorOnly\text-feature\Debug\link.944.write.1.tlog
C:\Users\Eguchi\Desktop\研究vs2013\演習第二\text+color\text-colorOnly\text-feature\Debug\link.9612.read.1.tlog
C:\Users\Eguchi\Desktop\研究vs2013\演習第二\text+color\text-colorOnly\text-feature\Debug\link.9612.write.1.tlog
C:\Users\Eguchi\Desktop\研究vs2013\演習第二\text+color\text-colorOnly\text-feature\Debug\link.9984.read.1.tlog
C:\Users\Eguchi\Desktop\研究vs2013\演習第二\text+color\text-colorOnly\text-feature\Debug\link.9984.write.1.tlog
C:\Users\Eguchi\Desktop\研究vs2013\演習第二\text+color\text-colorOnly\text-feature\Debug\link.command.1.tlog
C:\Users\Eguchi\Desktop\研究vs2013\演習第二\text+color\text-colorOnly\text-feature\Debug\link.read.1.tlog
C:\Users\Eguchi\Desktop\研究vs2013\演習第二\text+color\text-colorOnly\text-feature\Debug\link.write.1.tlog
C:\Users\Eguchi\Desktop\研究vs2013\演習第二\text+color\text-colorOnly\text-feature\Debug\link-cvtres.read.1.tlog
C:\Users\Eguchi\Desktop\研究vs2013\演習第二\text+color\text-colorOnly\text-feature\Debug\link-cvtres.write.1.tlog
C:\USERS\EGUCHI\DESKTOP\研究VS2013\演習第二\TEXT+COLOR\TEXT-COLORONLY\TEXT-FEATURE\DEBUG\MAIN.OBJ
C:\Users\Eguchi\Desktop\研究vs2013\演習第二\text+color\text-colorOnly\text-feature\Debug\mt.command.1.tlog
C:\Users\Eguchi\Desktop\研究vs2013\演習第二\text+color\text-colorOnly\text-feature\Debug\mt.read.1.tlog
C:\Users\Eguchi\Desktop\研究vs2013\演習第二\text+color\text-colorOnly\text-feature\Debug\mt.write.1.tlog
C:\Users\Eguchi\Desktop\研究vs2013\演習第二\text+color\text-colorOnly\text-feature\Debug\rc.command.1.tlog
C:\Users\Eguchi\Desktop\研究vs2013\演習第二\text+color\text-colorOnly\text-feature\Debug\rc.read.1.tlog
C:\Users\Eguchi\Desktop\研究vs2013\演習第二\text+color\text-colorOnly\text-feature\Debug\rc.write.1.tlog
C:\Users\Eguchi\Desktop\研究vs2013\演習第二\text+color\text-colorOnly\text-feature\Debug\text-feature.exe.embed.manifest
C:\Users\Eguchi\Desktop\研究vs2013\演習第二\text+color\text-colorOnly\text-feature\Debug\text-feature.exe.embed.manifest.res
C:\USERS\EGUCHI\DESKTOP\研究VS2013\演習第二\TEXT+COLOR\TEXT-COLORONLY\TEXT-FEATURE\DEBUG\TEXT-FEATURE.EXE.INTERMEDIATE.MANIFEST
C:\Users\Eguchi\Desktop\研究vs2013\演習第二\text+color\text-colorOnly\text-feature\Debug\text-feature.vcxprojResolveAssemblyReference.cache
C:\Users\Eguchi\Desktop\研究vs2013\演習第二\text+color\text-colorOnly\text-feature\Debug\text-feature.write.1.tlog
C:\Users\Eguchi\Desktop\研究vs2013\演習第二\text+color\text-colorOnly\text-feature\Debug\text-feature_manifest.rc
C:\Users\Eguchi\Desktop\研究vs2013\演習第二\text+color\text-colorOnly\text-feature\Debug\vc100.idb
C:\USERS\EGUCHI\DESKTOP\研究VS2013\演習第二\TEXT+COLOR\TEXT-COLORONLY\TEXT-FEATURE\DEBUG\VC100.PDB
C:\USERS\EGUCHI\DESKTOP\研究VS2013\演習第二\TEXT+COLOR\TEXT-FEATURE\DEBUG\TEXT-FEATURE.EXE
C:\USERS\EGUCHI\DESKTOP\研究VS2013\演習第二\TEXT+COLOR\TEXT-FEATURE\DEBUG\TEXT-FEATURE.EXE.MANIFEST
C:\USERS\EGUCHI\DESKTOP\研究VS2013\演習第二\TEXT+COLOR\TEXT-FEATURE\DEBUG\TEXT-FEATURE.ILK
C:\USERS\EGUCHI\DESKTOP\研究VS2013\演習第二\TEXT+COLOR\TEXT-FEATURE\DEBUG\TEXT-FEATURE.PDB
C:\USERS\EGUCHI\DESKTOP\研究VS2013\演習第二\TEXT+COLOR\TEXT-FEATURE\TEXT-FEATURE\DEBUG\MAIN.OBJ
C:\USERS\EGUCHI\DESKTOP\研究VS2013\演習第二\TEXT+COLOR\TEXT-FEATURE\TEXT-FEATURE\DEBUG\TEXT-FEATURE.EXE.EMBED.MANIFEST.RES
C:\USERS\EGUCHI\DESKTOP\研究VS2013\演習第二\TEXT+COLOR\TEXT-FEATURE\TEXT-FEATURE\DEBUG\TEXT-FEATURE.EXE.INTERMEDIATE.MANIFEST
C:\USERS\EGUCHI\DESKTOP\研究VS2013\演習第二\TEXT+COLOR\TEXT-FEATURE\TEXT-FEATURE\DEBUG\VC100.PDB
C:\USERS\KYUDAI\DESKTOP\TEXT\TEXT-FEATURE\DEBUG\TEXT-FEATURE.EXE
C:\USERS\KYUDAI\DESKTOP\TEXT\TEXT-FEATURE\DEBUG\TEXT-FEATURE.ILK
C:\USERS\KYUDAI\DESKTOP\TEXT\TEXT-FEATURE\DEBUG\TEXT-FEATURE.PDB
C:\USERS\KYUDAI\DESKTOP\TEXT\TEXT-FEATURE\TEXT-FEATURE\DEBUG\MAIN.OBJ
C:\USERS\KYUDAI\DESKTOP\TEXT\TEXT-FEATURE\TEXT-FEATURE\DEBUG\TEXT-FEATURE.EXE.EMBED.MANIFEST
C:\USERS\KYUDAI\DESKTOP\TEXT\TEXT-FEATURE\TEXT-FEATURE\DEBUG\TEXT-FEATURE.EXE.EMBED.MANIFEST.RES
C:\USERS\KYUDAI\DESKTOP\TEXT\TEXT-FEATURE\TEXT-FEATURE\DEBUG\TEXT-FEATURE.EXE.INTERMEDIATE.MANIFEST
C:\USERS\KYUDAI\DESKTOP\TEXT\TEXT-FEATURE\TEXT-FEATURE\DEBUG\VC100.PDB
